\BOOKMARK [0][-]{chapter*.14}{List of figures}{}% 1
\BOOKMARK [0][-]{chapter*.15}{List of tables}{}% 2
\BOOKMARK [0][-]{chapter.1}{Introduction}{}% 3
\BOOKMARK [1][-]{section.1.1}{Research aims}{chapter.1}% 4
\BOOKMARK [1][-]{section.1.2}{Thesis Outline and Contributions}{chapter.1}% 5
\BOOKMARK [0][-]{chapter.2}{Background}{}% 6
\BOOKMARK [1][-]{section.2.1}{Small Satellite Launchers}{chapter.2}% 7
\BOOKMARK [1][-]{section.2.2}{Scramjets}{chapter.2}% 8
\BOOKMARK [1][-]{section.2.3}{The Launch System Design Process}{chapter.2}% 9
\BOOKMARK [0][-]{chapter.3}{Literature review}{}% 10
\BOOKMARK [1][-]{section.3.1}{Hypersonic Airbreathing Launch Systems and Trajectories}{chapter.3}% 11
\BOOKMARK [2][-]{subsection.3.1.1}{Single Stage Airbreathing Launch Systems}{section.3.1}% 12
\BOOKMARK [2][-]{subsection.3.1.2}{Two-Stage Launch Systems}{section.3.1}% 13
\BOOKMARK [2][-]{subsection.3.1.3}{Three-Stage Launch Systems}{section.3.1}% 14
\BOOKMARK [2][-]{subsection.3.1.4}{Hypersonic Vehicle Return and Glide Trajectories}{section.3.1}% 15
\BOOKMARK [1][-]{section.3.2}{Optimal Control}{chapter.3}% 16
\BOOKMARK [2][-]{subsection.3.2.1}{Shooting Methods}{section.3.2}% 17
\BOOKMARK [2][-]{subsection.3.2.2}{Collocation Methods}{section.3.2}% 18
\BOOKMARK [1][-]{section.3.3}{Available Optimal Control Solvers}{chapter.3}% 19
\BOOKMARK [1][-]{section.3.4}{Aerodynamic Analysis}{chapter.3}% 20
\BOOKMARK [1][-]{section.3.5}{Summary}{chapter.3}% 21
\BOOKMARK [0][-]{chapter.4}{Modelling of Launch System Dynamics}{}% 22
\BOOKMARK [1][-]{section.4.1}{The Second Stage Scramjet Accelerator}{chapter.4}% 23
\BOOKMARK [2][-]{subsection.4.1.1}{The Scramjet Accelerator}{section.4.1}% 24
\BOOKMARK [2][-]{subsection.4.1.2}{Thermal Protection}{section.4.1}% 25
\BOOKMARK [2][-]{subsection.4.1.3}{Propulsion}{section.4.1}% 26
\BOOKMARK [2][-]{subsection.4.1.4}{Aerodynamics}{section.4.1}% 27
\BOOKMARK [2][-]{subsection.4.1.5}{Trimmed Aerodynamic Database of the SPARTAN with Engine-On}{section.4.1}% 28
\BOOKMARK [2][-]{subsection.4.1.6}{Trimmed Aerodynamic Database of the SPARTAN with Engine-Off}{section.4.1}% 29
\BOOKMARK [1][-]{section.4.2}{The First Stage Rocket}{chapter.4}% 30
\BOOKMARK [2][-]{subsection.4.2.1}{The Aerodynamics of the First Stage Rocket and SPARTAN}{section.4.2}% 31
\BOOKMARK [1][-]{section.4.3}{The Third Stage Rocket}{chapter.4}% 32
\BOOKMARK [2][-]{subsection.4.3.1}{Geometry}{section.4.3}% 33
\BOOKMARK [2][-]{subsection.4.3.2}{Fuel Tank Sizing}{section.4.3}% 34
\BOOKMARK [2][-]{subsection.4.3.3}{Heat Shield Sizing}{section.4.3}% 35
\BOOKMARK [2][-]{subsection.4.3.4}{Propulsion}{section.4.3}% 36
\BOOKMARK [2][-]{subsection.4.3.5}{Aerodynamics}{section.4.3}% 37
\BOOKMARK [2][-]{subsection.4.3.6}{Thrust Vectoring}{section.4.3}% 38
\BOOKMARK [1][-]{section.4.4}{Modelling Simplifications}{chapter.4}% 39
\BOOKMARK [1][-]{section.4.5}{Summary}{chapter.4}% 40
\BOOKMARK [0][-]{chapter.5}{Trajectory Modelling and Optimisation}{}% 41
\BOOKMARK [1][-]{section.5.1}{Mission Definition}{chapter.5}% 42
\BOOKMARK [1][-]{section.5.2}{Vehicle Simulation}{chapter.5}% 43
\BOOKMARK [2][-]{subsection.5.2.1}{Equations of Motion}{section.5.2}% 44
\BOOKMARK [1][-]{section.5.3}{Optimal Control Problem Structure}{chapter.5}% 45
\BOOKMARK [2][-]{subsection.5.3.1}{Trajectory Connection Points}{section.5.3}% 46
\BOOKMARK [2][-]{subsection.5.3.2}{I. First Stage Vertical Ascent}{section.5.3}% 47
\BOOKMARK [2][-]{subsection.5.3.3}{II. First Stage Pitching Ascent}{section.5.3}% 48
\BOOKMARK [2][-]{subsection.5.3.4}{III. Second Stage Ascent Trajectory}{section.5.3}% 49
\BOOKMARK [2][-]{subsection.5.3.5}{IV. Second Stage Return Trajectory}{section.5.3}% 50
\BOOKMARK [2][-]{subsection.5.3.6}{V. Third Stage Powered Ascent}{section.5.3}% 51
\BOOKMARK [2][-]{subsection.5.3.7}{VI. Third Stage Unpowered Ascent}{section.5.3}% 52
\BOOKMARK [2][-]{subsection.5.3.8}{VII. Hohmann Transfer}{section.5.3}% 53
\BOOKMARK [1][-]{section.5.4}{Optimal Solution Analysis}{chapter.5}% 54
\BOOKMARK [1][-]{section.5.5}{The Optimisation Process in LODESTAR}{chapter.5}% 55
\BOOKMARK [1][-]{section.5.6}{Trajectory and Performance Analysis}{chapter.5}% 56
\BOOKMARK [1][-]{section.5.7}{Thermal Analysis}{chapter.5}% 57
\BOOKMARK [1][-]{section.5.8}{Summary}{chapter.5}% 58
\BOOKMARK [0][-]{chapter.6}{Optimised Ascent Trajectory}{}% 59
\BOOKMARK [1][-]{section.6.1}{Case 1: Constant Dynamic Pressure Trajectory}{chapter.6}% 60
\BOOKMARK [1][-]{section.6.2}{Case 2: Optimised Ascent Trajectory}{chapter.6}% 61
\BOOKMARK [1][-]{section.6.3}{Angle of Attack Study}{chapter.6}% 62
\BOOKMARK [1][-]{section.6.4}{Energy Usage Analysis}{chapter.6}% 63
\BOOKMARK [1][-]{section.6.5}{Sensitivity Analysis}{chapter.6}% 64
\BOOKMARK [2][-]{subsection.6.5.1}{Case 3: Maximum Dynamic Pressure Sensitivity}{section.6.5}% 65
\BOOKMARK [2][-]{subsection.6.5.2}{Case 4: SPARTAN Drag Sensitivity}{section.6.5}% 66
\BOOKMARK [2][-]{subsection.6.5.3}{Case 5: C-REST Specific Impulse Sensitivity}{section.6.5}% 67
\BOOKMARK [2][-]{subsection.6.5.4}{Case 6: SPARTAN Mass Sensitivity}{section.6.5}% 68
\BOOKMARK [2][-]{subsection.6.5.5}{Case 7: SPARTAN Fuel Mass Sensitivity}{section.6.5}% 69
\BOOKMARK [2][-]{subsection.6.5.6}{Case 8: Third Stage Mass Sensitivity}{section.6.5}% 70
\BOOKMARK [2][-]{subsection.6.5.7}{Case 9: Third Stage Specific Impulse Sensitivity}{section.6.5}% 71
\BOOKMARK [2][-]{subsection.6.5.8}{Case 10: Third Stage Drag Sensitivity}{section.6.5}% 72
\BOOKMARK [2][-]{subsection.6.5.9}{Thermal Analysis}{section.6.5}% 73
\BOOKMARK [1][-]{section.6.6}{Comparison of Design Parameters}{chapter.6}% 74
\BOOKMARK [1][-]{section.6.7}{Summary}{chapter.6}% 75
\BOOKMARK [0][-]{chapter.7}{Optimised Trajectory Including Fly-Back}{}% 76
\BOOKMARK [1][-]{section.7.1}{Case 11: Combined SPARTAN Ascent-Descent \046 Third Stage}{chapter.7}% 77
\BOOKMARK [1][-]{section.7.2}{Ascent Trajectory}{chapter.7}% 78
\BOOKMARK [1][-]{section.7.3}{Fly-Back Trajectory}{chapter.7}% 79
\BOOKMARK [1][-]{section.7.4}{Energy Usage Analysis}{chapter.7}% 80
\BOOKMARK [1][-]{section.7.5}{Design Sensitivity Analysis}{chapter.7}% 81
\BOOKMARK [2][-]{subsection.7.5.1}{Case 12: Maximum Dynamic Pressure Sensitivity with Fly-Back}{section.7.5}% 82
\BOOKMARK [2][-]{subsection.7.5.2}{Case 13: SPARTAN Drag Sensitivity with Fly-Back}{section.7.5}% 83
\BOOKMARK [2][-]{subsection.7.5.3}{Case 14: C-REST Specific Impulse Sensitivity with Fly-Back}{section.7.5}% 84
\BOOKMARK [2][-]{subsection.7.5.4}{Case 15: SPARTAN Mass Sensitivity with Fly-Back}{section.7.5}% 85
\BOOKMARK [2][-]{subsection.7.5.5}{Case 16: SPARTAN Fuel Mass Sensitivity with Fly-Back}{section.7.5}% 86
\BOOKMARK [2][-]{subsection.7.5.6}{Case 17: Third Stage Mass Sensitivity with Fly-Back}{section.7.5}% 87
\BOOKMARK [2][-]{subsection.7.5.7}{Case 18: Third Stage Specific Impulse Sensitivity with Fly-Back}{section.7.5}% 88
\BOOKMARK [1][-]{section.7.6}{Comparison of Sensitivities with Fly-Back}{chapter.7}% 89
\BOOKMARK [1][-]{section.7.7}{Summary}{chapter.7}% 90
\BOOKMARK [0][-]{chapter.8}{Conclusions}{}% 91
\BOOKMARK [0][-]{chapter.9}{Recommendations for future work}{}% 92
\BOOKMARK [0][-]{chapter*.146}{References}{}% 93
\BOOKMARK [0][-]{appendix.A}{Uncertainties and Simplifications}{}% 94
\BOOKMARK [1][-]{section.A.1}{Modelling and Design Simplifications}{appendix.A}% 95
\BOOKMARK [2][-]{subsection.A.1.1}{Control}{section.A.1}% 96
\BOOKMARK [2][-]{subsection.A.1.2}{Staging Effects}{section.A.1}% 97
\BOOKMARK [2][-]{subsection.A.1.3}{Mass Model Simplifications}{section.A.1}% 98
\BOOKMARK [2][-]{subsection.A.1.4}{Thermal}{section.A.1}% 99
\BOOKMARK [1][-]{section.A.2}{Aerodynamic and Propulsion Simulation Uncertainties}{appendix.A}% 100
\BOOKMARK [2][-]{subsection.A.2.1}{Aerodynamic Uncertainty}{section.A.2}% 101
\BOOKMARK [2][-]{subsection.A.2.2}{Propulsion System Uncertainties}{section.A.2}% 102
\BOOKMARK [2][-]{subsection.A.2.3}{Quantification of Aerodynamic and Propulsion Uncertainty Effects}{section.A.2}% 103
\BOOKMARK [2][-]{subsection.A.2.4}{Atmospheric Variations}{section.A.2}% 104
\BOOKMARK [2][-]{subsection.A.2.5}{Quantification of Atmospheric Variation Effects}{section.A.2}% 105
\BOOKMARK [0][-]{appendix.B}{Example and Verification}{}% 106
\BOOKMARK [1][-]{section.B.1}{Example - Brachistochrone Problem}{appendix.B}% 107
\BOOKMARK [1][-]{section.B.2}{Example - Space Shuttle Reentry}{appendix.B}% 108
\BOOKMARK [2][-]{subsection.B.2.1}{Problem Formulation}{section.B.2}% 109
\BOOKMARK [2][-]{subsection.B.2.2}{Unconstrained Result}{section.B.2}% 110
\BOOKMARK [2][-]{subsection.B.2.3}{Heating Rate Limited Result}{section.B.2}% 111
\BOOKMARK [1][-]{section.B.3}{Optimised Trajectory Verification}{appendix.B}% 112
\BOOKMARK [1][-]{section.B.4}{Optimised Trajectory Analysis}{appendix.B}% 113
\BOOKMARK [2][-]{subsection.B.4.1}{Mesh History}{section.B.4}% 114
\BOOKMARK [2][-]{subsection.B.4.2}{Verification}{section.B.4}% 115
\BOOKMARK [0][-]{appendix.C}{Modelling and Simulation}{}% 116
\BOOKMARK [1][-]{section.C.1}{Propulsion Interpolation Scheme}{appendix.C}% 117
\BOOKMARK [1][-]{section.C.2}{SPARTAN Flow Results}{appendix.C}% 118
\BOOKMARK [1][-]{section.C.3}{Cart3D Mesh}{appendix.C}% 119
\BOOKMARK [1][-]{section.C.4}{Performance of the SPARTAN During Fly-Back}{appendix.C}% 120
\BOOKMARK [0][-]{appendix.D}{Alternate Trajectory Cases}{}% 121
\BOOKMARK [1][-]{section.D.1}{Trajectory with Decreased Third Stage TPS Mass}{appendix.D}% 122
\BOOKMARK [1][-]{section.D.2}{Maximum Payload-To-Orbit Trajectory With Dynamic Pressure Constraint}{appendix.D}% 123
\BOOKMARK [1][-]{section.D.3}{Sonic Boom Ground Effects}{appendix.D}% 124
\BOOKMARK [1][-]{section.D.4}{Alternate Launch Location}{appendix.D}% 125
\BOOKMARK [0][-]{appendix.E}{Trajectory Plot Comparisons}{}% 126
\BOOKMARK [1][-]{section.E.1}{Optimised Ascent Trajectory Comparisons With No Fly-Back}{appendix.E}% 127
\BOOKMARK [2][-]{subsection.E.1.1}{Case 3: Maximum Dynamic Pressure Sensitivity Comparison}{section.E.1}% 128
\BOOKMARK [2][-]{subsection.E.1.2}{Case 4: SPARTAN Drag Sensitivity Comparison}{section.E.1}% 129
\BOOKMARK [2][-]{subsection.E.1.3}{Case 5: SPARTAN Specific Impulse Sensitivity Comparison}{section.E.1}% 130
\BOOKMARK [2][-]{subsection.E.1.4}{Case 6: SPARTAN Mass Sensitivity Comparison}{section.E.1}% 131
\BOOKMARK [2][-]{subsection.E.1.5}{Case 7: SPARTAN Fuel Mass Sensitivity Comparison}{section.E.1}% 132
\BOOKMARK [2][-]{subsection.E.1.6}{Case 8: Third Stage Mass Sensitivity Comparison}{section.E.1}% 133
\BOOKMARK [2][-]{subsection.E.1.7}{Case 9: Third Stage Specific Impulse Sensitivity Comparison}{section.E.1}% 134
\BOOKMARK [2][-]{subsection.E.1.8}{Case 10:Third Stage Drag Sensitivity Comparison}{section.E.1}% 135
\BOOKMARK [1][-]{section.E.2}{Optimised Ascent Trajectory Comparisons With Fly-Back}{appendix.E}% 136
\BOOKMARK [2][-]{subsection.E.2.1}{Case 12: Dynamic Pressure Sensitivity Comparison}{section.E.2}% 137
\BOOKMARK [2][-]{subsection.E.2.2}{Case 13: SPARTAN Drag Sensitivity Comparison}{section.E.2}% 138
\BOOKMARK [2][-]{subsection.E.2.3}{Case 14:SPARTAN Specific Impulse Sensitivity Comparison}{section.E.2}% 139
\BOOKMARK [2][-]{subsection.E.2.4}{Case 15: SPARTAN Mass Sensitivity Comparison}{section.E.2}% 140
\BOOKMARK [2][-]{subsection.E.2.5}{Case 16: SPARTAN Fuel Mass Sensitivity Comparison}{section.E.2}% 141
\BOOKMARK [2][-]{subsection.E.2.6}{Case 17: Third Stage Mass Sensitivity Comparison}{section.E.2}% 142
\BOOKMARK [2][-]{subsection.E.2.7}{Case 18: Third Stage Specific Impulse Sensitivity Comparison}{section.E.2}% 143
\BOOKMARK [0][-]{appendix.F}{Viscous Drag Variation}{}% 144
